<?xml version="1.0" encoding="UTF-8"?>
<!-- Generated by org.testng.reporters.JUnitXMLReporter -->
<testsuite hostname="HSC-J33TZF2" ignored="0" name="NegativeTests" tests="2" failures="0" timestamp="24 Apr 2021 15:30:03 GMT" time="25.786" errors="0">
  <testcase name="incorrectPasswordTest" time="12.85" classname="com.herokuapp.theinternet.NegativeTests"/>
  <testcase name="incorrectUsernameTest" time="12.931" classname="com.herokuapp.theinternet.NegativeTests"/>
</testsuite> <!-- NegativeTests -->
