<?xml version="1.0" encoding="UTF-8"?>
<testng-results skipped="0" failed="0" ignored="0" total="3" passed="3">
  <reporter-output>
  </reporter-output>
  <suite name="AllTests" duration-ms="53485" started-at="2021-04-27T07:30:20Z" finished-at="2021-04-27T07:31:13Z">
    <groups>
    </groups>
    <test name="PositiveTests" duration-ms="24880" started-at="2021-04-27T07:30:20Z" finished-at="2021-04-27T07:30:45Z">
      <class name="com.herokuapp.theinternet.PositiveTests">
        <test-method status="PASS" signature="loginTest()[pri:0, instance:com.herokuapp.theinternet.PositiveTests@5762806e]" name="loginTest" duration-ms="24848" started-at="2021-04-27T07:30:20Z" finished-at="2021-04-27T07:30:45Z">
          <reporter-output>
          </reporter-output>
        </test-method> <!-- loginTest -->
      </class> <!-- com.herokuapp.theinternet.PositiveTests -->
    </test> <!-- PositiveTests -->
    <test name="NegativeTests" duration-ms="28589" started-at="2021-04-27T07:30:45Z" finished-at="2021-04-27T07:31:13Z">
      <class name="com.herokuapp.theinternet.NegativeTests">
        <test-method status="PASS" signature="incorrectPasswordTest()[pri:0, instance:com.herokuapp.theinternet.NegativeTests@3a079870]" name="incorrectPasswordTest" duration-ms="15079" started-at="2021-04-27T07:30:45Z" finished-at="2021-04-27T07:31:00Z">
          <reporter-output>
          </reporter-output>
        </test-method> <!-- incorrectPasswordTest -->
        <test-method status="PASS" signature="incorrectUsernameTest()[pri:0, instance:com.herokuapp.theinternet.NegativeTests@3a079870]" name="incorrectUsernameTest" duration-ms="13508" started-at="2021-04-27T07:31:00Z" finished-at="2021-04-27T07:31:13Z">
          <reporter-output>
          </reporter-output>
        </test-method> <!-- incorrectUsernameTest -->
      </class> <!-- com.herokuapp.theinternet.NegativeTests -->
    </test> <!-- NegativeTests -->
  </suite> <!-- AllTests -->
</testng-results>
